\BOOKMARK [1][-]{Doc-Start}{\376\377\000S\000u\000m\000m\000a\000r\000y}{}% 1
\BOOKMARK [1][-]{chapter*.1}{\376\377\000A\000c\000k\000n\000o\000w\000l\000e\000d\000g\000e\000m\000e\000n\000t\000s}{}% 2
\BOOKMARK [1][-]{chapter*.2}{\376\377\000R\000e\000v\000i\000s\000i\000o\000n\000\040\000h\000i\000s\000t\000o\000r\000y\000\040\000a\000n\000d\000\040\000a\000p\000p\000r\000o\000v\000a\000l\000\040\000r\000e\000c\000o\000r\000d}{}% 3
\BOOKMARK [1][-]{chapter*.2}{\376\377\000C\000o\000n\000t\000e\000n\000t\000s}{}% 4
\BOOKMARK [1][-]{chapter*.4}{\376\377\000L\000i\000s\000t\000\040\000o\000f\000\040\000f\000i\000g\000u\000r\000e\000s}{}% 5
\BOOKMARK [1][-]{chapter*.5}{\376\377\000L\000i\000s\000t\000\040\000o\000f\000\040\000t\000a\000b\000l\000e\000s}{}% 6
\BOOKMARK [1][-]{chapter*.5}{\376\377\000A\000b\000b\000r\000e\000v\000i\000a\000t\000i\000o\000n\000s}{}% 7
\BOOKMARK [0][-]{chapter.1}{\376\377\000I\000n\000t\000r\000o\000d\000u\000c\000t\000i\000o\000n}{}% 8
\BOOKMARK [1][-]{section.1.1}{\376\377\000W\000o\000r\000k\000\040\000g\000o\000a\000l\000s}{chapter.1}% 9
\BOOKMARK [1][-]{section.1.2}{\376\377\000R\000e\000q\000u\000i\000r\000e\000m\000e\000n\000t\000s\000\040\000a\000n\000d\000\040\000s\000p\000e\000c\000i\000f\000i\000c\000a\000t\000i\000o\000n\000s}{chapter.1}% 10
\BOOKMARK [1][-]{section.1.3}{\376\377\000M\000e\000t\000h\000o\000d\000s\000\040\000a\000n\000d\000\040\000p\000r\000o\000c\000e\000d\000u\000r\000e\000s}{chapter.1}% 11
\BOOKMARK [1][-]{section.1.4}{\376\377\000W\000o\000r\000k\000\040\000p\000l\000a\000n}{chapter.1}% 12
\BOOKMARK [0][-]{chapter.2}{\376\377\000S\000t\000a\000t\000e\000\040\000o\000f\000\040\000t\000h\000e\000\040\000A\000r\000t}{}% 13
\BOOKMARK [1][-]{section.2.1}{\376\377\000Q\000u\000a\000n\000t\000u\000m\000\040\000S\000i\000m\000u\000l\000a\000t\000i\000o\000n}{chapter.2}% 14
\BOOKMARK [1][-]{section.2.2}{\376\377\000K\000e\000y\000\040\000C\000o\000n\000c\000e\000p\000t\000s\000\040\000i\000n\000\040\000Q\000u\000a\000n\000t\000u\000m\000\040\000M\000e\000c\000h\000a\000n\000i\000c\000s}{chapter.2}% 15
\BOOKMARK [2][-]{subsection.2.2.1}{\376\377\000Q\000u\000b\000i\000t}{section.2.2}% 16
\BOOKMARK [2][-]{subsection.2.2.2}{\376\377\000Q\000u\000a\000n\000t\000u\000m\000\040\000S\000u\000p\000e\000r\000p\000o\000s\000i\000t\000i\000o\000n}{section.2.2}% 17
\BOOKMARK [2][-]{subsection.2.2.3}{\376\377\000Q\000u\000a\000n\000t\000u\000m\000\040\000D\000e\000c\000o\000h\000e\000r\000e\000n\000c\000e}{section.2.2}% 18
\BOOKMARK [1][-]{section.2.3}{\376\377\000T\000h\000e\000\040\000H\000a\000m\000i\000l\000t\000o\000n\000i\000a\000n\000\040\000i\000n\000\040\000Q\000u\000a\000n\000t\000u\000m\000\040\000M\000e\000c\000h\000a\000n\000i\000c\000s}{chapter.2}% 19
\BOOKMARK [2][-]{subsection.2.3.1}{\376\377\000M\000a\000t\000h\000e\000m\000a\000t\000i\000c\000a\000l\000\040\000D\000e\000f\000i\000n\000i\000t\000i\000o\000n}{section.2.3}% 20
\BOOKMARK [2][-]{subsection.2.3.2}{\376\377\000R\000o\000l\000e\000\040\000i\000n\000\040\000t\000h\000e\000\040\000S\000c\000h\000r\000\366\000d\000i\000n\000g\000e\000r\000\040\000E\000q\000u\000a\000t\000i\000o\000n}{section.2.3}% 21
\BOOKMARK [2][-]{subsection.2.3.3}{\376\377\000H\000a\000m\000i\000l\000t\000o\000n\000i\000a\000n\000\040\000i\000n\000\040\000M\000u\000l\000t\000i\000-\000P\000a\000r\000t\000i\000c\000l\000e\000\040\000S\000y\000s\000t\000e\000m\000s}{section.2.3}% 22
\BOOKMARK [2][-]{subsection.2.3.4}{\376\377\000I\000m\000p\000o\000r\000t\000a\000n\000c\000e\000\040\000i\000n\000\040\000Q\000u\000a\000n\000t\000u\000m\000\040\000S\000i\000m\000u\000l\000a\000t\000i\000o\000n\000s}{section.2.3}% 23
\BOOKMARK [1][-]{section.2.4}{\376\377\000V\000Q\000E\000:\000\040\000V\000a\000r\000i\000a\000t\000i\000o\000n\000a\000l\000\040\000Q\000u\000a\000n\000t\000u\000m\000\040\000E\000i\000g\000e\000n\000s\000o\000l\000v\000e\000r}{chapter.2}% 24
\BOOKMARK [2][-]{subsection.2.4.1}{\376\377\000F\000u\000n\000d\000a\000m\000e\000n\000t\000a\000l\000\040\000P\000r\000i\000n\000c\000i\000p\000l\000e\000s\000\040\000a\000n\000d\000\040\000S\000t\000a\000g\000e\000s\000\040\000o\000f\000\040\000t\000h\000e\000\040\000A\000l\000g\000o\000r\000i\000t\000h\000m}{section.2.4}% 25
\BOOKMARK [2][-]{subsection.2.4.2}{\376\377\000A\000d\000v\000a\000n\000t\000a\000g\000e\000s\000\040\000a\000n\000d\000\040\000C\000h\000a\000l\000l\000e\000n\000g\000e\000s}{section.2.4}% 26
\BOOKMARK [2][-]{subsection.2.4.3}{\376\377\000O\000u\000t\000l\000o\000o\000k\000\040\000i\000n\000\040\000Q\000u\000a\000n\000t\000u\000m\000\040\000S\000i\000m\000u\000l\000a\000t\000i\000o\000n}{section.2.4}% 27
\BOOKMARK [1][-]{section.2.5}{\376\377\000D\000i\000f\000f\000e\000r\000e\000n\000t\000\040\000A\000n\000s\000\344\000t\000z\000e\000\040\000i\000n\000\040\000Q\000u\000a\000n\000t\000u\000m\000\040\000C\000h\000e\000m\000i\000s\000t\000r\000y\000\040\000a\000n\000d\000\040\000Q\000u\000a\000n\000t\000u\000m\000\040\000C\000o\000m\000p\000u\000t\000i\000n\000g}{chapter.2}% 28
\BOOKMARK [2][-]{subsection.2.5.1}{\376\377\000H\000a\000r\000t\000r\000e\000e\040\023\000F\000o\000c\000k\000-\000b\000a\000s\000e\000d\000\040\000A\000n\000s\000\344\000t\000z\000e\000\040\000\050\000C\000l\000a\000s\000s\000i\000c\000a\000l\000\040\000R\000e\000f\000e\000r\000e\000n\000c\000e\000\051}{section.2.5}% 29
\BOOKMARK [2][-]{subsection.2.5.2}{\376\377\000U\000n\000i\000t\000a\000r\000y\000\040\000C\000o\000u\000p\000l\000e\000d\000\040\000C\000l\000u\000s\000t\000e\000r\000\040\000\050\000U\000C\000C\000\051}{section.2.5}% 30
\BOOKMARK [2][-]{subsection.2.5.3}{\376\377\000P\000r\000o\000b\000l\000e\000m\000-\000I\000n\000s\000p\000i\000r\000e\000d\000\040\000o\000r\000\040\000C\000u\000s\000t\000o\000m\000\040\000A\000n\000s\000\344\000t\000z\000e}{section.2.5}% 31
\BOOKMARK [1][-]{section.2.6}{\376\377\000O\000p\000t\000i\000m\000i\000z\000e\000r\000s}{chapter.2}% 32
\BOOKMARK [2][-]{subsection.2.6.1}{\376\377\000G\000r\000a\000d\000i\000e\000n\000t\000\040\000D\000e\000s\000c\000e\000n\000t\000\040\000\050\000G\000D\000\051}{section.2.6}% 33
\BOOKMARK [2][-]{subsection.2.6.2}{\376\377\000M\000o\000m\000e\000n\000t\000u\000m\000\040\000O\000p\000t\000i\000m\000i\000z\000e\000r}{section.2.6}% 34
\BOOKMARK [2][-]{subsection.2.6.3}{\376\377\000N\000e\000s\000t\000e\000r\000o\000v\000\040\000M\000o\000m\000e\000n\000t\000u\000m\000\040\000O\000p\000t\000i\000m\000i\000z\000e\000r\000\040\000\050\000N\000M\000o\000m\000e\000n\000t\000u\000m\000\051}{section.2.6}% 35
\BOOKMARK [2][-]{subsection.2.6.4}{\376\377\000R\000M\000S\000P\000r\000o\000p}{section.2.6}% 36
\BOOKMARK [2][-]{subsection.2.6.5}{\376\377\000A\000d\000a\000g\000r\000a\000d}{section.2.6}% 37
\BOOKMARK [2][-]{subsection.2.6.6}{\376\377\000A\000d\000a\000m}{section.2.6}% 38
\BOOKMARK [2][-]{subsection.2.6.7}{\376\377\000Q\000u\000a\000n\000t\000u\000m\000\040\000N\000a\000t\000u\000r\000a\000l\000\040\000G\000r\000a\000d\000i\000e\000n\000t\000\040\000\050\000Q\000N\000G\000\051}{section.2.6}% 39
\BOOKMARK [2][-]{subsection.2.6.8}{\376\377\000I\000m\000p\000o\000r\000t\000a\000n\000c\000e\000\040\000o\000f\000\040\000O\000p\000t\000i\000m\000i\000z\000e\000r\000s\000\040\000i\000n\000\040\000Q\000u\000a\000n\000t\000u\000m\000\040\000S\000i\000m\000u\000l\000a\000t\000i\000o\000n}{section.2.6}% 40
\BOOKMARK [0][-]{chapter.3}{\376\377\000M\000e\000t\000h\000o\000d\000o\000l\000o\000g\000y\000\040\000/\000\040\000p\000r\000o\000j\000e\000c\000t\000\040\000d\000e\000v\000e\000l\000o\000p\000m\000e\000n\000t}{}% 41
\BOOKMARK [1][-]{section.3.1}{\376\377\000T\000o\000o\000l\000s\000\040\000a\000n\000d\000\040\000F\000r\000a\000m\000e\000w\000o\000r\000k\000s\000\040\000S\000e\000l\000e\000c\000t\000i\000o\000n}{chapter.3}% 42
\BOOKMARK [2][-]{subsection.3.1.1}{\376\377\000V\000e\000r\000s\000i\000o\000n\000\040\000C\000o\000n\000t\000r\000o\000l}{section.3.1}% 43
\BOOKMARK [1][-]{section.3.2}{\376\377\000P\000r\000o\000j\000e\000c\000t\000\040\000S\000t\000r\000u\000c\000t\000u\000r\000i\000n\000g}{chapter.3}% 44
\BOOKMARK [2][-]{subsection.3.2.1}{\376\377\000C\000o\000d\000e\000\040\000O\000r\000g\000a\000n\000i\000z\000a\000t\000i\000o\000n}{